[2022-01-08 10:50:13] START
[2022-01-08 12:04:34] CREATE db1.py: 0
[2022-01-08 12:54:26] EDIT app2/models/db1.py: 1
[2022-01-08 13:00:10] EDIT app2/models/db1.py: 0
[2022-01-08 13:06:04] EDIT app2/models/db1.py: 3
[2022-01-08 13:16:00] EDIT app2/controllers/default.py: 0
[2022-01-08 13:16:08] EDIT app2/controllers/default.py: 0
[2022-01-08 13:16:38] EDIT app2/views/default/index.html: -41
[2022-01-08 13:21:49] EDIT app2/controllers/default.py: 1
[2022-01-08 13:25:38] EDIT app2/views/default/index.html: 4
[2022-01-08 13:29:40] EDIT app2/models/db1.py: 0
[2022-01-10 08:27:26] EDIT app2/views/default/index.html: 8
[2022-01-10 08:27:36] EDIT app2/views/default/index.html: -1
[2022-01-10 08:32:50] EDIT app2/controllers/default.py: 3
[2022-01-10 08:33:31] EDIT app2/controllers/default.py: 0
[2022-01-10 08:34:42] EDIT app2/controllers/default.py: 0
[2022-01-10 08:37:36] EDIT app2/views/default/index.html: 0
[2022-01-10 08:40:24] CREATE defautl/show.html: 0
[2022-01-10 08:42:01] EDIT app2/views/defautl/show.html: 5
[2022-01-10 08:42:20] EDIT app2/views/defautl/show.html: 0
[2022-01-10 08:43:25] DELETE app2/views/defautl/show.html: -8
[2022-01-10 08:43:33] CREATE default/show.html: 0
[2022-01-10 08:43:44] EDIT app2/views/default/show.html: 5
[2022-01-10 08:56:04] EDIT app2/controllers/default.py: 3
[2022-01-10 08:56:26] EDIT app2/views/default/index.html: -3
[2022-01-10 08:56:45] CREATE default/create.html: 0
[2022-01-10 08:57:30] EDIT app2/views/default/create.html: 2
[2022-01-10 08:59:57] EDIT app2/views/default/index.html: 0
[2022-01-10 09:00:25] EDIT app2/controllers/default.py: -1
[2022-01-10 09:00:40] EDIT app2/controllers/default.py: 0
[2022-01-10 09:01:14] EDIT app2/views/default/index.html: -1
[2022-01-10 09:33:37] EDIT app2/controllers/default.py: 1
[2022-01-10 09:47:13] EDIT app2/models/menu.py: -93
[2022-01-10 09:53:13] EDIT app2/controllers/default.py: 1
[2022-01-10 09:54:08] EDIT app2/controllers/default.py: 2
[2022-01-10 09:54:32] EDIT app2/controllers/default.py: 1
[2022-01-10 09:55:06] EDIT app2/controllers/default.py: 0
[2022-01-10 10:00:42] EDIT app2/controllers/default.py: 3
[2022-01-10 10:00:58] EDIT app2/controllers/default.py: 0
[2022-01-10 10:01:28] EDIT app2/controllers/default.py: 0
[2022-01-10 10:09:16] EDIT app2/controllers/default.py: 1
[2022-01-10 10:28:10] EDIT app2/models/db1.py: 0
[2022-01-10 10:29:12] EDIT app2/views/default/index.html: 0
[2022-01-10 10:30:03] EDIT app2/views/default/show.html: 0
[2022-01-10 10:31:25] EDIT app2/controllers/default.py: -3
[2022-01-10 10:32:24] EDIT app2/views/default/show.html: 0
[2022-01-10 10:32:38] EDIT app2/views/default/show.html: 0
[2022-01-10 10:38:54] EDIT app2/views/default/show.html: 0
[2022-01-10 10:39:42] EDIT app2/views/default/show.html: 0
[2022-01-10 10:41:06] EDIT app2/views/default/show.html: 1
[2022-01-10 10:51:13] EDIT app2/controllers/default.py: 0
[2022-01-10 10:52:11] EDIT app2/controllers/default.py: 2
[2022-01-10 10:54:24] EDIT app2/models/menu.py: 0
[2022-01-10 10:55:22] EDIT app2/models/menu.py: 2
[2022-01-10 10:55:34] EDIT app2/models/menu.py: 0
[2022-01-10 11:02:14] EDIT app2/models/db1.py: 4
[2022-01-10 11:02:27] EDIT app2/models/db1.py: 0
[2022-01-10 11:03:50] EDIT app2/controllers/default.py: 1
[2022-01-10 11:15:30] EDIT app2/controllers/default.py: 4
[2022-01-10 11:15:49] EDIT app2/views/default/show.html: 2
[2022-01-10 11:15:54] EDIT app2/views/default/show.html: 0
[2022-01-10 11:17:01] EDIT app2/models/db1.py: 0
[2022-01-10 11:17:17] EDIT app2/controllers/default.py: 0
[2022-01-10 11:17:23] EDIT app2/controllers/default.py: 0
[2022-01-10 11:17:35] EDIT app2/controllers/default.py: 0
[2022-01-10 11:19:18] EDIT app2/views/default/show.html: 4
[2022-01-10 11:20:28] EDIT app2/views/default/show.html: 2
[2022-01-10 11:21:03] EDIT app2/views/default/show.html: 0
[2022-01-10 11:21:33] EDIT app2/views/default/show.html: 0
[2022-01-10 11:26:53] CREATE default/manage.html: 0
[2022-01-10 11:27:23] EDIT app2/views/default/manage.html: 2
[2022-01-10 11:29:41] CREATE api.txt: 0
