[2022-01-08 08:47:34] START
[2022-01-08 08:50:20] EDIT app1/views/default/index.html: -42
[2022-01-08 08:50:48] EDIT app1/controllers/default.py: 1
[2022-01-08 08:53:55] EDIT app1/controllers/default.py: 0
[2022-01-08 08:59:01] EDIT app1/controllers/default.py: 2
[2022-01-08 09:23:20] EDIT app1/controllers/default.py: -2
[2022-01-08 09:23:39] EDIT app1/controllers/default.py: 0
[2022-01-08 09:45:28] EDIT app1/controllers/default.py: 3
[2022-01-08 09:45:57] EDIT app1/controllers/default.py: 1
[2022-01-08 09:50:25] EDIT app1/controllers/default.py: 1
[2022-01-08 09:51:12] EDIT app1/controllers/default.py: 0
[2022-01-08 09:55:17] EDIT app1/controllers/default.py: 1
[2022-01-08 09:56:49] EDIT app1/controllers/default.py: 0
[2022-01-08 10:04:19] EDIT app1/controllers/default.py: 2
[2022-01-08 10:06:14] EDIT app1/views/default/index.html: 2
[2022-01-08 10:06:47] EDIT app1/views/default/index.html: 0
[2022-01-08 10:07:44] EDIT app1/views/default/index.html: 0
[2022-01-08 10:07:55] EDIT app1/views/default/index.html: 0
[2022-01-08 10:08:28] EDIT app1/views/default/index.html: 0
[2022-01-08 10:09:18] EDIT app1/controllers/default.py: 1
[2022-01-08 10:09:27] EDIT app1/controllers/default.py: 0
[2022-01-08 10:10:07] EDIT app1/controllers/default.py: 0
[2022-01-08 10:11:21] EDIT app1/controllers/default.py: 1
[2022-01-08 10:11:39] EDIT app1/views/default/index.html: -4
[2022-01-08 10:13:14] EDIT app1/controllers/default.py: 2
[2022-01-08 10:14:38] EDIT app1/controllers/default.py: 0
[2022-01-08 10:16:10] EDIT app1/controllers/default.py: 1
[2022-01-08 10:16:14] EDIT app1/controllers/default.py: 0
[2022-01-08 10:16:18] EDIT app1/controllers/default.py: 0
[2022-01-08 10:30:34] EDIT app1/controllers/default.py: 5
[2022-01-08 10:31:44] EDIT app1/controllers/default.py: 0
[2022-01-08 10:35:55] CREATE info: 0
[2022-01-08 10:45:12] EDIT app1/private/info: 16
[2022-01-08 10:45:28] EDIT app1/private/info: 0
